Building DAG of jobs...
Your conda installation is not configured to use strict channel priorities. This is however crucial for having robust and correct environments (for details, see https://conda-forge.org/docs/user/tipsandtricks.html). Please consider to configure strict priorities by executing 'conda config --set channel_priority strict'.
Using shell: /usr/bin/bash
Provided cores: 6
Rules claiming more threads will be scaled down.
Job stats:
job      count
-----  -------
BRASS        1
all          1
total        2

Select jobs to execute...

[Mon Apr 15 12:07:42 2024]
rule BRASS:
    input: /home/alex/Dokumente/02_OLCIR/80_testing_gen_inst_pipeline/01_sample_data/BRASS/sample1.BRASS.raw_structural_variation.vcf.gz, /home/alex/Dokumente/02_OLCIR/80_testing_gen_inst_pipeline/01_sample_data/BRASS/sample1.BRASS.rerun_structural_variation.bedpe.gz
    output: /home/alex/Dokumente/02_OLCIR/80_testing_gen_inst_pipeline/02_results_raw/BRASS/sample1_BRASS_out.txt
    jobid: 1
    reason: Missing output files: /home/alex/Dokumente/02_OLCIR/80_testing_gen_inst_pipeline/02_results_raw/BRASS/sample1_BRASS_out.txt
    wildcards: sample=sample1
    threads: 2
    resources: tmpdir=/tmp

Activating conda environment: ../../98_snakemake_tmp/4a33bccd02835ad769bd6d54a9a762ec_
Environment defines Python version < 3.7. Using Python of the main process to execute script. Note that this cannot be avoided, because the script uses data structures from Snakemake which are Python >=3.7 only.
Activating conda environment: ../../98_snakemake_tmp/4a33bccd02835ad769bd6d54a9a762ec_
[Mon Apr 15 12:07:42 2024]
Finished job 1.
1 of 2 steps (50%) done
Select jobs to execute...

[Mon Apr 15 12:07:42 2024]
localrule all:
    input: /home/alex/Dokumente/02_OLCIR/80_testing_gen_inst_pipeline/02_results_raw/BRASS/sample1_BRASS_out.txt
    jobid: 0
    reason: Input files updated by another job: /home/alex/Dokumente/02_OLCIR/80_testing_gen_inst_pipeline/02_results_raw/BRASS/sample1_BRASS_out.txt
    resources: tmpdir=/tmp

[Mon Apr 15 12:07:42 2024]
Finished job 0.
2 of 2 steps (100%) done
Complete log: .snakemake/log/2024-04-15T120741.020437.snakemake.log
